<?xml version="1.0" encoding="UTF-8"?>
<!-- Generated by org.testng.reporters.JUnitXMLReporter -->
<testsuite ignored="0" hostname="MD-5Q0H9F2" failures="0" tests="3" name="Free CRM App Test Cases" time="38.377" errors="0" timestamp="2021-07-26T12:00:56 IST">
  <testcase classname="Browserr.ExplicitWait" name="propertiesFile" time="6.695"/>
  <testcase classname="Browserr.ScreenshotFirstTest" name="signup" time="12.925"/>
  <testcase classname="Browserr.ScreenshotPractice" name="screenshot" time="11.335"/>
</testsuite> <!-- Free CRM App Test Cases -->
